Build started 26/11/2015 19:32:04.
     1>Project "C:\Users\Gcinizwe\Documents\IT-lab\ITLab_MiniComputationalGeometry\FME\F_M_Elimination\F_M_Elimination\F_M_Elimination.vcxproj" on node 2 (build target(s)).
     1>InitializeBuildStatus:
         Creating "Debug\F_M_Elimination.unsuccessfulbuild" because "AlwaysCreate" was specified.
       ClCompile:
         C:\Program Files (x86)\Microsoft Visual Studio 10.0\VC\bin\CL.exe /c /ZI /nologo /W3 /WX- /Od /Oy- /D WIN32 /D _DEBUG /D _CONSOLE /D _UNICODE /D UNICODE /Gm /EHsc /RTC1 /MDd /GS /fp:precise /Zc:wchar_t /Zc:forScope /Fo"Debug\\" /Fd"Debug\vc100.pdb" /Gd /TP /analyze- /errorReport:prompt Main.cpp
         Main.cpp
     1>c:\users\gcinizwe\documents\it-lab\itlab_minicomputationalgeometry\fme\f_m_elimination\f_m_elimination\main.cpp(18): warning C4244: 'argument' : conversion from 'time_t' to 'unsigned int', possible loss of data
       Link:
         C:\Program Files (x86)\Microsoft Visual Studio 10.0\VC\bin\link.exe /ERRORREPORT:PROMPT /OUT:"C:\Users\Gcinizwe\Documents\IT-lab\ITLab_MiniComputationalGeometry\FME\F_M_Elimination\Debug\F_M_Elimination.exe" /INCREMENTAL:NO /NOLOGO kernel32.lib user32.lib gdi32.lib winspool.lib comdlg32.lib advapi32.lib shell32.lib ole32.lib oleaut32.lib uuid.lib odbc32.lib odbccp32.lib /MANIFEST /ManifestFile:"Debug\F_M_Elimination.exe.intermediate.manifest" /MANIFESTUAC:"level='asInvoker' uiAccess='false'" /DEBUG /PDB:"C:\Users\Gcinizwe\Documents\IT-lab\ITLab_MiniComputationalGeometry\FME\F_M_Elimination\Debug\F_M_Elimination.pdb" /SUBSYSTEM:CONSOLE /TLBID:1 /DYNAMICBASE /NXCOMPAT /IMPLIB:"C:\Users\Gcinizwe\Documents\IT-lab\ITLab_MiniComputationalGeometry\FME\F_M_Elimination\Debug\F_M_Elimination.lib" /MACHINE:X86 Debug\Main.obj
     1>Main.obj : warning LNK4075: ignoring '/EDITANDCONTINUE' due to '/INCREMENTAL:NO' specification
         F_M_Elimination.vcxproj -> C:\Users\Gcinizwe\Documents\IT-lab\ITLab_MiniComputationalGeometry\FME\F_M_Elimination\Debug\F_M_Elimination.exe
       Manifest:
         C:\Program Files (x86)\Microsoft SDKs\Windows\v7.0A\bin\mt.exe /nologo /verbose /outputresource:"C:\Users\Gcinizwe\Documents\IT-lab\ITLab_MiniComputationalGeometry\FME\F_M_Elimination\Debug\F_M_Elimination.exe;#1" /manifest Debug\F_M_Elimination.exe.intermediate.manifest
       FinalizeBuildStatus:
         Deleting file "Debug\F_M_Elimination.unsuccessfulbuild".
         Touching "Debug\F_M_Elimination.lastbuildstate".
     1>Done Building Project "C:\Users\Gcinizwe\Documents\IT-lab\ITLab_MiniComputationalGeometry\FME\F_M_Elimination\F_M_Elimination\F_M_Elimination.vcxproj" (build target(s)).

Build succeeded.

Time Elapsed 00:00:05.14
