Build started 15.12.2015 19:21:47.
     1>Project "C:\Users\User\Desktop\ITLab_MiniComputationalGeometry\DynamicConvexHull\DynamicConvexHull\DynamicConvexHull.vcxproj" on node 2 (build target(s)).
     1>InitializeBuildStatus:
         Creating "Debug\DynamicConvexHull.unsuccessfulbuild" because "AlwaysCreate" was specified.
       ClCompile:
         All outputs are up-to-date.
         C:\Program Files\Microsoft Visual Studio 10.0\VC\bin\CL.exe /c /I..\deps\gtest\include /I..\LibConvexHull /ZI /nologo /W3 /WX- /Od /Oy- /D WIN32 /D _DEBUG /D _CONSOLE /D _UNICODE /D UNICODE /Gm /EHsc /RTC1 /MDd /GS /fp:precise /Zc:wchar_t /Zc:forScope /Yu"StdAfx.h" /Fp"Debug\DynamicConvexHull.pch" /Fo"Debug\\" /Fd"Debug\vc100.pdb" /Gd /TP /analyze- /errorReport:prompt test.cpp
         test.cpp
       ManifestResourceCompile:
         All outputs are up-to-date.
       Link:
         C:\Program Files\Microsoft Visual Studio 10.0\VC\bin\link.exe /ERRORREPORT:PROMPT /OUT:"C:\Users\User\Desktop\ITLab_MiniComputationalGeometry\DynamicConvexHull\Debug\DynamicConvexHull.exe" /INCREMENTAL /NOLOGO /LIBPATH:..\..\deps\gtest\lib /LIBPATH:..\Debug libconvexhull.lib gtestd.lib kernel32.lib user32.lib gdi32.lib winspool.lib comdlg32.lib advapi32.lib shell32.lib ole32.lib oleaut32.lib uuid.lib odbc32.lib odbccp32.lib kernel32.lib user32.lib gdi32.lib winspool.lib comdlg32.lib advapi32.lib shell32.lib ole32.lib oleaut32.lib uuid.lib odbc32.lib odbccp32.lib /MANIFEST /ManifestFile:"Debug\DynamicConvexHull.exe.intermediate.manifest" /MANIFESTUAC:"level='asInvoker' uiAccess='false'" /DEBUG /PDB:"C:\Users\User\Desktop\ITLab_MiniComputationalGeometry\DynamicConvexHull\Debug\DynamicConvexHull.pdb" /SUBSYSTEM:CONSOLE /TLBID:1 /DYNAMICBASE /NXCOMPAT /IMPLIB:"C:\Users\User\Desktop\ITLab_MiniComputationalGeometry\DynamicConvexHull\Debug\DynamicConvexHull.lib" /MACHINE:X86 Debug\DynamicConvexHull.exe.embed.manifest.res
         Debug\stdafx.obj
         Debug\test.obj
       Manifest:
         C:\Program Files\Microsoft SDKs\Windows\v7.0A\bin\mt.exe /nologo /verbose /out:"Debug\DynamicConvexHull.exe.embed.manifest" /manifest Debug\DynamicConvexHull.exe.intermediate.manifest
         All outputs are up-to-date.
       LinkEmbedManifest:
         All outputs are up-to-date.
         DynamicConvexHull.vcxproj -> C:\Users\User\Desktop\ITLab_MiniComputationalGeometry\DynamicConvexHull\Debug\DynamicConvexHull.exe
       FinalizeBuildStatus:
         Deleting file "Debug\DynamicConvexHull.unsuccessfulbuild".
         Touching "Debug\DynamicConvexHull.lastbuildstate".
     1>Done Building Project "C:\Users\User\Desktop\ITLab_MiniComputationalGeometry\DynamicConvexHull\DynamicConvexHull\DynamicConvexHull.vcxproj" (build target(s)).

Build succeeded.

Time Elapsed 00:00:01.15
